# JRE version: Java(TM) SE Runtime Environment (8.0_91-b15) (build 1.8.0_91-b15)
# Java VM: Java HotSpot(TM) 64-Bit Server VM (25.91-b15 mixed mode windows-amd64 compressed oops)
Heap:
 PSYoungGen      total 188928K, used 19707K [0x00000000eb300000, 0x00000000f9400000, 0x0000000100000000)
  eden space 179200K, 5% used [0x00000000eb300000,0x00000000ebcf9ca8,0x00000000f6200000)
  from space 9728K, 97% used [0x00000000f8a80000,0x00000000f93c5280,0x00000000f9400000)
  to   space 11776K, 0% used [0x00000000f7d00000,0x00000000f7d00000,0x00000000f8880000)
 ParOldGen       total 37888K, used 10172K [0x00000000c1800000, 0x00000000c3d00000, 0x00000000eb300000)
  object space 37888K, 26% used [0x00000000c1800000,0x00000000c21ef298,0x00000000c3d00000)
 Metaspace       used 27834K, capacity 28168K, committed 28464K, reserved 1075200K
  class space    used 3432K, capacity 3545K, committed 3632K, reserved 1048576K
GC Heap History (10 events):
Event: 4.263 GC heap before
{Heap before GC invocations=7 (full 0):
 PSYoungGen      total 73216K, used 69575K [0x00000000eb300000, 0x00000000f0300000, 0x0000000100000000)
  eden space 65536K, 100% used [0x00000000eb300000,0x00000000ef300000,0x00000000ef300000)
  from space 7680K, 52% used [0x00000000efb80000,0x00000000eff71fa0,0x00000000f0300000)
  to   space 8192K, 0% used [0x00000000ef300000,0x00000000ef300000,0x00000000efb00000)
 ParOldGen       total 44032K, used 12803K [0x00000000c1800000, 0x00000000c4300000, 0x00000000eb300000)
  object space 44032K, 29% used [0x00000000c1800000,0x00000000c2480da8,0x00000000c4300000)
 Metaspace       used 20520K, capacity 20808K, committed 20992K, reserved 1067008K
  class space    used 2463K, capacity 2537K, committed 2560K, reserved 1048576K
Event: 4.285 GC heap after
Heap after GC invocations=7 (full 0):
 PSYoungGen      total 73728K, used 8191K [0x00000000eb300000, 0x00000000f4700000, 0x0000000100000000)
  eden space 65536K, 0% used [0x00000000eb300000,0x00000000eb300000,0x00000000ef300000)
  from space 8192K, 99% used [0x00000000ef300000,0x00000000efaffc78,0x00000000efb00000)
  to   space 10240K, 0% used [0x00000000f3d00000,0x00000000f3d00000,0x00000000f4700000)
 ParOldGen       total 44032K, used 14823K [0x00000000c1800000, 0x00000000c4300000, 0x00000000eb300000)
  object space 44032K, 33% used [0x00000000c1800000,0x00000000c2679fe8,0x00000000c4300000)
 Metaspace       used 20520K, capacity 20808K, committed 20992K, reserved 1067008K
  class space    used 2463K, capacity 2537K, committed 2560K, reserved 1048576K
}
Event: 5.267 GC heap before
{Heap before GC invocations=8 (full 0):
 PSYoungGen      total 73728K, used 73727K [0x00000000eb300000, 0x00000000f4700000, 0x0000000100000000)
  eden space 65536K, 100% used [0x00000000eb300000,0x00000000ef300000,0x00000000ef300000)
  from space 8192K, 99% used [0x00000000ef300000,0x00000000efaffc78,0x00000000efb00000)
  to   space 10240K, 0% used [0x00000000f3d00000,0x00000000f3d00000,0x00000000f4700000)
 ParOldGen       total 44032K, used 14823K [0x00000000c1800000, 0x00000000c4300000, 0x00000000eb300000)
  object space 44032K, 33% used [0x00000000c1800000,0x00000000c2679fe8,0x00000000c4300000)
 Metaspace       used 20777K, capacity 21114K, committed 21296K, reserved 1069056K
  class space    used 2489K, capacity 2572K, committed 2608K, reserved 1048576K
Event: 5.284 GC heap after
Heap after GC invocations=8 (full 0):
 PSYoungGen      total 141312K, used 6949K [0x00000000eb300000, 0x00000000f4700000, 0x0000000100000000)
  eden space 131072K, 0% used [0x00000000eb300000,0x00000000eb300000,0x00000000f3300000)
  from space 10240K, 67% used [0x00000000f3d00000,0x00000000f43c9628,0x00000000f4700000)
  to   space 10240K, 0% used [0x00000000f3300000,0x00000000f3300000,0x00000000f3d00000)
 ParOldGen       total 44032K, used 15366K [0x00000000c1800000, 0x00000000c4300000, 0x00000000eb300000)
  object space 44032K, 34% used [0x00000000c1800000,0x00000000c2701838,0x00000000c4300000)
 Metaspace       used 20777K, capacity 21114K, committed 21296K, reserved 1069056K
  class space    used 2489K, capacity 2572K, committed 2608K, reserved 1048576K
}
Event: 5.466 GC heap before
{Heap before GC invocations=9 (full 0):
 PSYoungGen      total 141312K, used 33424K [0x00000000eb300000, 0x00000000f4700000, 0x0000000100000000)
  eden space 131072K, 20% used [0x00000000eb300000,0x00000000eccdaa40,0x00000000f3300000)
  from space 10240K, 67% used [0x00000000f3d00000,0x00000000f43c9628,0x00000000f4700000)
  to   space 10240K, 0% used [0x00000000f3300000,0x00000000f3300000,0x00000000f3d00000)
 ParOldGen       total 44032K, used 15366K [0x00000000c1800000, 0x00000000c4300000, 0x00000000eb300000)
  object space 44032K, 34% used [0x00000000c1800000,0x00000000c2701838,0x00000000c4300000)
 Metaspace       used 20845K, capacity 21114K, committed 21296K, reserved 1069056K
  class space    used 2493K, capacity 2572K, committed 2608K, reserved 1048576K
Event: 5.476 GC heap after
Heap after GC invocations=9 (full 0):
 PSYoungGen      total 141312K, used 1120K [0x00000000eb300000, 0x00000000f9500000, 0x0000000100000000)
  eden space 131072K, 0% used [0x00000000eb300000,0x00000000eb300000,0x00000000f3300000)
  from space 10240K, 10% used [0x00000000f3300000,0x00000000f3418000,0x00000000f3d00000)
  to   space 10752K, 0% used [0x00000000f8a80000,0x00000000f8a80000,0x00000000f9500000)
 ParOldGen       total 44032K, used 17145K [0x00000000c1800000, 0x00000000c4300000, 0x00000000eb300000)
  object space 44032K, 38% used [0x00000000c1800000,0x00000000c28be440,0x00000000c4300000)
 Metaspace       used 20845K, capacity 21114K, committed 21296K, reserved 1069056K
  class space    used 2493K, capacity 2572K, committed 2608K, reserved 1048576K
}
Event: 5.476 GC heap before
{Heap before GC invocations=10 (full 1):
 PSYoungGen      total 141312K, used 1120K [0x00000000eb300000, 0x00000000f9500000, 0x0000000100000000)
  eden space 131072K, 0% used [0x00000000eb300000,0x00000000eb300000,0x00000000f3300000)
  from space 10240K, 10% used [0x00000000f3300000,0x00000000f3418000,0x00000000f3d00000)
  to   space 10752K, 0% used [0x00000000f8a80000,0x00000000f8a80000,0x00000000f9500000)
 ParOldGen       total 44032K, used 17145K [0x00000000c1800000, 0x00000000c4300000, 0x00000000eb300000)
  object space 44032K, 38% used [0x00000000c1800000,0x00000000c28be440,0x00000000c4300000)
 Metaspace       used 20845K, capacity 21114K, committed 21296K, reserved 1069056K
  class space    used 2493K, capacity 2572K, committed 2608K, reserved 1048576K
Event: 5.551 GC heap after
Heap after GC invocations=10 (full 1):
 PSYoungGen      total 141312K, used 0K [0x00000000eb300000, 0x00000000f9500000, 0x0000000100000000)
  eden space 131072K, 0% used [0x00000000eb300000,0x00000000eb300000,0x00000000f3300000)
  from space 10240K, 0% used [0x00000000f3300000,0x00000000f3300000,0x00000000f3d00000)
  to   space 10752K, 0% used [0x00000000f8a80000,0x00000000f8a80000,0x00000000f9500000)
 ParOldGen       total 37888K, used 10164K [0x00000000c1800000, 0x00000000c3d00000, 0x00000000eb300000)
  object space 37888K, 26% used [0x00000000c1800000,0x00000000c21ed298,0x00000000c3d00000)
 Metaspace       used 20845K, capacity 21114K, committed 21296K, reserved 1069056K
  class space    used 2493K, capacity 2572K, committed 2608K, reserved 1048576K
}
Event: 7.894 GC heap before
{Heap before GC invocations=11 (full 1):
 PSYoungGen      total 141312K, used 131072K [0x00000000eb300000, 0x00000000f9500000, 0x0000000100000000)
  eden space 131072K, 100% used [0x00000000eb300000,0x00000000f3300000,0x00000000f3300000)
  from space 10240K, 0% used [0x00000000f3300000,0x00000000f3300000,0x00000000f3d00000)
  to   space 10752K, 0% used [0x00000000f8a80000,0x00000000f8a80000,0x00000000f9500000)
 ParOldGen       total 37888K, used 10164K [0x00000000c1800000, 0x00000000c3d00000, 0x00000000eb300000)
  object space 37888K, 26% used [0x00000000c1800000,0x00000000c21ed298,0x00000000c3d00000)
 Metaspace       used 26879K, capacity 27208K, committed 27568K, reserved 1073152K
  class space    used 3326K, capacity 3417K, committed 3504K, reserved 1048576K
Event: 7.913 GC heap after
Heap after GC invocations=11 (full 1):
 PSYoungGen      total 188928K, used 9492K [0x00000000eb300000, 0x00000000f9400000, 0x0000000100000000)
  eden space 179200K, 0% used [0x00000000eb300000,0x00000000eb300000,0x00000000f6200000)
  from space 9728K, 97% used [0x00000000f8a80000,0x00000000f93c5280,0x00000000f9400000)
  to   space 11776K, 0% used [0x00000000f7d00000,0x00000000f7d00000,0x00000000f8880000)
 ParOldGen       total 37888K, used 10172K [0x00000000c1800000, 0x00000000c3d00000, 0x00000000eb300000)
  object space 37888K, 26% used [0x00000000c1800000,0x00000000c21ef298,0x00000000c3d00000)
 Metaspace       used 26879K, capacity 27208K, committed 27568K, reserved 1073152K
  class space    used 3326K, capacity 3417K, committed 3504K, reserved 1048576K
}

